2014-01-27 00:52:12 -0800#251b23f#KrollWada, Psi2, Hagedorn#annex
2014-01-27 08:51:49 +0000#283ad0f#update#annex
2013-06-29 00:20:54 -0700#4997a63#update#annex
2013-06-29 00:17:10 -0700#af2eea8#add bg-sub pics/hdf5#annex
2013-06-29 00:16:58 -0700#c871730#update#annex
2013-06-29 00:15:35 -0700#6e6a3c8#update#annex
2013-06-29 00:14:50 -0700#4d8ca8e#Jun05: add EvtPlane formulae#annex
2013-06-29 00:14:32 -0700#d40a6e1#update#annex
2013-06-03 16:04:01 -0700#1c71fed#update#annex
2013-06-03 16:03:41 -0700#8dddea2#update#annex
2013-06-03 16:03:37 -0700#a15fbe0#full stats EPCheck#annex
2013-06-03 09:52:45 -0700#0005dd0#update#annex
2013-06-03 09:52:22 -0700#9351a39#add Psi2Shift.png#annex
2013-06-03 09:52:13 -0700#2238d1c#update#annex
2013-06-03 09:41:07 -0700#edc662b#update#annex
2013-06-03 09:40:49 -0700#91e26fe#add Psi2Formula.png#annex
2013-06-03 09:40:41 -0700#b3395db#update#annex
2013-06-03 09:32:17 -0700#bba7a53#update#annex
2013-06-03 09:31:59 -0700#219ec03#add QrawRecenter.png#annex
2013-06-03 09:31:46 -0700#d842b26#update#annex
2013-06-03 09:19:31 -0700#3887d9c#update#annex
2013-06-03 09:18:59 -0700#ca2d6ef#add QrawDef.png#annex
2013-06-03 09:18:45 -0700#74f4203#update#annex
2013-06-03 04:14:14 -0700#d1985af#update#annex
2013-06-03 04:13:42 -0700#4ab424b#add EPCheck pics#annex
2013-06-03 04:13:34 -0700#239e3b5#update#annex
2013-06-03 03:48:31 -0700#f7d36b2#update#annex
2013-06-03 03:47:52 -0700#28e8da1#add Shift fit pics#annex
2013-06-03 03:47:41 -0700#d14a716#update#annex
2013-06-03 03:37:16 -0700#12b5fc4#update#annex
2013-06-03 03:36:41 -0700#79434fe#add Recentering pics#annex
2013-06-03 03:36:32 -0700#7d5e8c2#update#annex
2013-05-13 01:32:01 -0700#f0adbb6#update#annex
2013-05-13 01:31:25 -0700#aeb6ed8#add BetaMaker*.png#annex
2013-05-13 01:31:16 -0700#5ea85c0#update#annex
2013-04-26 11:55:40 -0700#90b9fc2#update#annex
2013-04-26 11:51:15 -0700#996c54d#add CocktailPtComp200GeVOmega.png CocktailPtComp200GeVEta.png#annex
2013-04-26 11:51:06 -0700#7493cd0#update#annex
2013-04-26 11:02:31 -0700#5cdea59#add CocktailPtComp200GeVPi0.png#annex
2013-04-26 11:02:27 -0700#45a21db#update#annex
2013-04-26 10:33:19 -0700#9c4149b#update#annex
2013-04-26 10:32:33 -0700#66206e4#update#annex
2013-04-26 10:32:30 -0700#ecfa442#update Cocktail 19GeV, fix wrong Tsallis pars from Bingchu#annex
2013-04-26 00:50:07 -0700#26d3185#update#annex
2013-04-26 00:49:16 -0700#b42ec8f#update#annex
2013-04-26 00:49:13 -0700#2cd33eb#update cocktail 19/200 comp#annex
2013-04-25 15:57:27 -0700#884090b#update#annex
2013-04-25 15:56:41 -0700#1482c86#add TsallisRho.png#annex
2013-04-25 15:56:32 -0700#2b1e7bb#update#annex
2013-04-25 13:58:48 -0700#cf73ec2#update#annex
2013-04-25 13:58:28 -0700#8b39e79#add TsallisFormula.png#annex
2013-04-25 13:58:19 -0700#3278098#update#annex
2013-04-25 13:49:49 -0700#420f14b#update#annex
2013-04-25 13:49:01 -0700#a4d0589#add CocktailPtComp19GeV.png#annex
2013-04-25 13:48:55 -0700#9f71004#update#annex
2013-04-23 22:01:31 -0700#cadd3cb#update#annex
2013-04-23 22:00:15 -0700#a80d7af#add 19GeV Cocktail Comp#annex
2013-04-23 22:00:05 -0700#7b2477d#update#annex
2013-04-18 19:38:00 -0700#4798ae1#update#annex
2013-04-18 19:37:20 -0700#f22e17f#update#annex
2013-04-18 19:37:18 -0700#656a773#update BES cocktails#annex
2013-04-18 19:12:08 -0700#026af20#update#annex
2013-04-18 19:11:25 -0700#6361947#update#annex
2013-04-18 19:11:22 -0700#c5900a8#update 200 GeV Cocktails for LFSpectraMtg#annex
2013-04-15 02:46:21 -0700#fdc4aab#update#annex
2013-04-15 02:45:52 -0700#eef2973#add KrollWada_PS1/2#annex
2013-04-15 02:45:43 -0700#7f34f46#update#annex
2013-04-15 02:30:01 -0700#ddb4480#update#annex
2013-04-15 02:29:41 -0700#9db50cc#add KrollWada#annex
2013-04-15 02:29:33 -0700#c52a70b#update#annex
2013-04-15 02:03:14 -0700#ab4aef9#update#annex
2013-04-15 02:02:54 -0700#9f7f50a#hagedorn pT#annex
2013-04-15 02:02:54 -0700#144b039#update#annex
2013-04-15 01:30:02 -0700#2d5750f#update#annex
2013-04-15 01:29:34 -0700#ede1037#add hagedorn#annex
2013-04-15 01:29:23 -0700#0eef4d5#update#annex
2013-04-15 00:04:43 -0700#6fc69b9#update#annex
2013-04-15 00:04:05 -0700#44f73ed#add BesCocktails#annex
2013-04-15 00:03:56 -0700#d12607f#update#annex
2013-04-14 23:00:50 -0700#19cafe4#update#annex
2013-04-14 23:00:31 -0700#f966e03#add Cocktail200GeV.png#annex
2013-04-14 23:00:26 -0700#5d1b983#update#annex
2013-04-14 22:39:58 -0700#afa8c95#update#annex
2013-04-14 22:39:40 -0700#a8b3b0c#update#annex
2013-04-14 22:39:37 -0700#9079ddb#update CocktailRatio200GeV.png#annex
2013-04-12 18:09:30 -0700#91631fb#update#annex
2013-04-12 18:09:14 -0700#8ab48b1#add CocktailRatio200GeV.png#annex
2013-04-12 18:09:07 -0700#bb60675#update#annex
2013-04-12 16:55:59 -0700#75ca771#update#annex
2013-04-12 16:55:45 -0700#dd7cea5#update#annex
2013-04-12 16:55:42 -0700#901fefe#new Cocktail_2013-04-11.png#annex
2013-04-11 16:49:29 -0700#9fcf81d#update#annex
2013-04-11 16:49:09 -0700#8666216#add Cocktail_2013-04-11.png#annex
2013-04-11 16:48:59 -0700#178bce0#update#annex
2013-03-28 21:59:18 -0400#b8f097d#update#annex
2013-03-28 21:58:57 -0400#03dcd4b#resize profile.jpg#annex
2013-03-28 21:58:45 -0400#afc0b68#update#annex
2013-03-28 20:41:04 -0400#4da32ee#update#annex
2013-03-28 20:40:20 -0400#57225f9#add profile.jpg#annex
2013-03-28 20:40:06 -0400#e9f9f25#update#annex
2013-02-26 02:34:36 -0500#83513e3#update#annex
2013-02-26 02:33:45 -0500#b03073d#add TRW pics#annex
2013-02-26 02:33:36 -0500#ec50acb#update#annex
2013-02-26 02:21:31 -0500#1821422#update#annex
2013-02-26 02:20:57 -0500#51f3473#add InMedRhoPanel_UCLA.pdf#annex
2013-02-26 02:20:42 -0500#eb5d3c1#update#annex
2013-02-26 02:10:18 -0500#00461e5#update#annex
2013-02-26 02:07:38 -0500#0d23255#add UCLA pics#annex
2013-02-26 02:07:29 -0500#acb42da#update#annex
2013-02-26 02:07:16 -0500#bf05d50#update#annex
2013-02-26 01:39:03 -0500#7226188#update#annex
2013-02-26 01:38:27 -0500#5ce4b15#add Rapp after Evolution#annex
2013-02-26 01:38:12 -0500#b012e82#update#annex
2013-02-26 00:29:25 -0500#fda510a#update#annex
2013-02-26 00:28:47 -0500#7789ee8#add QED-Rate/RhoSpectralTemp#annex
2013-02-26 00:28:31 -0500#c6716fb#update#annex
2013-02-25 23:56:33 -0500#5084fac#update#annex
2013-02-25 23:54:07 -0500#bc68690#add Rapp theory png's#annex
2013-02-25 23:53:51 -0500#66c2d16#update#annex
2013-02-25 23:53:45 -0500#11397bc#add SketchSpectrum.png#annex
2013-02-25 23:53:41 -0500#470c2a0#update#annex
2013-02-25 23:50:12 -0500#2908865#update DielectronsHIC.png#annex
2013-02-25 23:50:01 -0500#a3d1d3b#update#annex
2013-02-25 23:12:22 -0500#50f6cb5#update#annex
2013-02-25 23:10:49 -0500#4045f7f#add PtSpectraVsEnergy.png#annex
2013-02-25 23:10:41 -0500#4d8c16e#update#annex
2013-02-25 23:09:57 -0500#6a1ade9#add DielectronsHIC.png#annex
2013-02-25 23:09:55 -0500#aee7865#update#annex
2013-02-25 22:33:25 -0500#d668387#update#annex
2013-02-25 22:32:49 -0500#4495796#add qqbar/a1#annex
2013-02-25 22:32:39 -0500#984118a#update#annex
2013-02-25 21:06:24 -0500#8c5f441#update#annex
2013-02-25 21:06:04 -0500#16a6651#add vm_cocktail_table.jpg#annex
2013-02-25 21:06:00 -0500#6756478#update#annex
2013-02-25 20:53:29 -0500#cda4869#update#annex
2013-02-25 20:51:01 -0500#0a53ba3#add QM figures#annex
2013-02-25 20:50:51 -0500#9873910#update#annex
2013-02-13 14:40:22 -0800#08f4264#update#annex
2013-02-13 14:40:08 -0800#03b58b9#add Pions/Lambdas_0_new#annex
2013-02-13 14:39:57 -0800#d84e9b6#update#annex
2013-02-13 14:23:17 -0800#2911761#update#annex
2013-02-13 14:23:01 -0800#27a46e5#add Protons_0_new#annex
2013-02-13 14:22:56 -0800#fe51f2c#update#annex
2013-02-13 13:20:16 -0800#6693bd7#update#annex
2013-02-13 13:20:02 -0800#4c2731e#add VariableDefinitions.jpg#annex
2013-02-13 13:19:50 -0800#d6333b4#update#annex
2013-02-13 00:42:08 -0800#7014568#update#annex
2013-02-13 00:41:30 -0800#7716487#add SketchForBetaCorrection.jpg#annex
2013-02-13 00:41:23 -0800#5b1f739#update#annex
2013-02-12 15:46:44 -0800#34ab191#update#annex
2013-02-12 15:46:15 -0800#749e91c#add SingleTrackEffFormula#annex
2013-02-12 15:46:07 -0800#ad46ce4#update#annex
2013-02-12 14:51:29 -0800#090d4d4#update#annex
2013-02-12 14:50:32 -0800#31b6701#add ConversionSample.jpg,ConversionVertices.jpg,EmbQA.jpg#annex
2013-02-12 14:50:09 -0800#615b0d2#update#annex
2013-02-12 14:50:03 -0800#29afe0a#update#annex
2013-02-12 14:49:47 -0800#30ddd46#update#annex
2013-01-14 23:49:53 -0800#90b7a8a#add LeptonNrs.jpg#annex
2013-01-14 23:49:48 -0800#922c4c4#update#annex
2013-01-14 23:43:10 -0800#c1af011#add PurEff.jpg#annex
2013-01-14 23:43:03 -0800#4f6ada1#update#annex
2013-01-14 23:38:18 -0800#c577236#add SampleSignificance.jpg#annex
2013-01-14 23:38:13 -0800#8b34b64#update#annex
2013-01-14 23:35:03 -0800#5398131#update#annex
2013-01-14 23:34:28 -0800#81b2404#add nsigmael_fits_yields.jpg#annex
2013-01-14 23:34:20 -0800#5176d20#update#annex
2013-01-14 23:31:42 -0800#5100235#add nsigmael_fits#annex
2013-01-14 23:31:26 -0800#d7047a4#update#annex
2013-01-14 23:27:56 -0800#82de3c2#add nsigparamsGP#annex
2013-01-14 23:27:48 -0800#3797da4#update#annex
2013-01-14 22:49:21 -0800#c022454#add dedxcut2D#annex
2013-01-14 22:49:02 -0800#927d9c3#update#annex
2013-01-14 22:33:42 -0800#abf4e55#update#annex
2013-01-14 22:33:02 -0800#afad957#merging gitolite/synced/git-annex into git-annex#annex
2013-01-14 22:32:39 -0800#fc7cc95#add TOF pic#annex
2013-01-14 22:32:30 -0800#64d4cef#update#annex
2013-01-14 22:23:17 -0800#605aa08#update#annex
2013-01-14 22:21:49 -0800#ef23d8e#more vac pics#annex
2013-01-14 22:21:34 -0800#5e07e7e#update#annex
2013-01-14 22:18:18 -0800#549e065#merging gitolite/synced/git-annex into git-annex#annex
2013-01-14 22:07:44 -0800#12011fc#update#annex
2013-01-14 22:06:35 -0800#887e305#add pics highway 1#annex
2013-01-14 22:05:36 -0800#456bf89#update#annex
2013-01-13 23:17:10 -0800#a220f89#update#annex
2013-01-13 23:16:44 -0800#0c0ba65#add vac12 jojo-pati-hike#annex
2013-01-13 23:16:32 -0800#ca46edd#update#annex
2013-01-13 22:43:24 -0800#fbef9d0#update#annex
2013-01-13 22:43:00 -0800#26229a0#add vac12 jojo-pati#annex
2013-01-13 22:42:49 -0800#aecbc10#update#annex
2013-01-13 22:35:58 -0800#18d45c8#update#annex
2013-01-13 22:34:51 -0800#8a06ef3#add vac12 olive-garden#annex
2013-01-13 22:34:36 -0800#d8de1fe#update#annex
2013-01-12 21:26:10 -0800#9e952d2#update#annex
2013-01-12 21:25:35 -0800#a071339#add track-selection.jpg#annex
2013-01-12 21:25:20 -0800#f98ff0c#update#annex
2013-01-12 18:28:26 -0800#303d047#update#annex
2013-01-12 18:26:15 -0800#a8ae5cb#add phase_diagram-300x293.png#annex
2013-01-12 18:25:50 -0800#10b56d6#update#annex
2013-01-12 18:24:44 -0800#864be64#update#annex
2013-01-12 18:24:44 -0800#a417d65#branch created#annex
