2014-01-27 01:00:00 -0800#9d8924a#add docbook45.conf#docbook
2014-01-27 00:59:38 -0800#b4c1ddc#effcorr update#docbook
2013-07-16 03:32:00 -0400#a635b55#update pid#docbook
2013-07-16 00:47:17 -0400#eb88d11#evt-trk-select: merge tables#docbook
2013-07-08 08:26:22 -0700#ec95ecb#bgsub-diff for SoftHadron#docbook
2013-07-08 04:20:18 -0700#832f5a7#add bgsub-diff, update bgsub#docbook
2013-07-03 02:25:56 -0700#9ebd486#evt-trk-selec: mino additions#docbook
2013-07-03 02:25:20 -0700#a7985d1#bgsub: 27 GeV update, better layout#docbook
2013-07-01 18:33:52 -0700#e30fb06#bgsub filled with content#docbook
2013-07-01 00:17:33 -0700#ddb8be3#start bgsub.txt#docbook
2013-07-01 00:16:20 -0700#b9e0cd4#update links to STAR protected with downloads.the-huck.com#docbook
2013-06-29 02:33:29 -0700#3185663#new phdannex, fix all image urls#docbook
2013-06-29 00:04:44 -0700#ecdee14#pairrec: add some bullet points#docbook
2013-06-28 23:57:42 -0700#6102afa#add pairrec.txt#docbook
2013-06-03 16:09:19 -0700#c2e6097#evtplane: update EPCheck minor#docbook
2013-06-03 16:06:55 -0700#4b549d7#evtplane: full stats EPCheck#docbook
2013-06-03 10:03:29 -0700#46a2114#evtplane: MondayMeeting 06/03/2013#docbook
2013-06-03 04:18:09 -0700#79619dd#evtplane: add EPCheck#docbook
2013-06-03 03:41:08 -0700#9918d40#evtplane: recentering pics#docbook
2013-06-03 03:23:58 -0700#b3608b0#add evtplane#docbook
2013-05-13 01:41:51 -0700#6dee871#pid: update with beta cuts#docbook
2013-05-03 17:25:31 -0700#d5330e9#fix thesis.txt#docbook
2013-05-03 17:25:17 -0700#eaaa044#Makefile: fix thesis target#docbook
2013-05-03 17:14:03 -0700#8f8a7f1#mv outline to thesis#docbook
2013-05-03 17:07:36 -0700#1899868#outline: clean-up for pdf/hp#docbook
2013-05-03 15:34:43 -0700#319b207#Makefile: include pdf in %.txt#docbook
2013-05-03 15:00:02 -0700#fae539f#outline: update VUV-Lamp, Author contributions#docbook
2013-05-03 14:07:06 -0700#684dca8#add outline.txt#docbook
2013-04-26 11:58:14 -0700#9b8ae19#cocktail: add 200GeV Pt comparisons, update TODO#docbook
2013-04-26 10:37:23 -0700#503ec6c#cocktail: update 19GeV Cocktail, link tag#docbook
2013-04-26 01:40:35 -0700#f8afa40#cocktail: update cbes instructions#docbook
2013-04-26 01:26:14 -0700#ad30467#cocktail: 19/200 comparisons, LFSpectra Mtg#docbook
2013-04-25 16:00:04 -0700#4b981eb#cocktail: add tsallis section#docbook
2013-04-23 22:15:57 -0700#e2ff7fd#add 19GeV cocktail comp#docbook
2013-04-19 00:12:22 -0700#bbdcdb5#update for LFSpectraMtg#docbook
2013-04-15 04:01:47 -0700#e1e30ef#cocktail: MondayMeeting talk#docbook
2013-04-15 00:08:47 -0700#f29aa22#cocktails: add BES cocktails, 200GeV comparison#docbook
2013-04-12 18:21:29 -0700#564dc39#cocktail: add 200GeV ratios, update cbes list#docbook
2013-04-11 16:59:45 -0700#63930f4#Dielectron Meeting Cocktail cbes#docbook
2013-02-26 03:27:18 -0500#3dac4b7#STAR Collab Mtg BNL#docbook
2013-02-13 14:42:02 -0800#f50b74a#stv0tofcorr: at sub-sample II#docbook
2013-02-13 13:10:48 -0800#616e127#working through stv0tofcorr#docbook
2013-02-13 00:59:41 -0800#307e659#working on stv0tofcorr#docbook
2013-02-12 17:15:57 -0800#9eab737#stv0tofcorr: add tex source#docbook
2013-02-12 16:48:16 -0800#75bb4fc#Makefile: update FILELIST#docbook
2013-02-12 16:47:49 -0800#1553e31#ckon: blank first line#docbook
2013-02-12 16:44:36 -0800#78a1c12#add stv0tofcorr#docbook
2013-02-12 16:44:20 -0800#20dbf56#add appendix#docbook
2013-02-12 16:39:24 -0800#f71ea37#add results#docbook
2013-02-12 16:07:02 -0800#46d125c#Makefile: SIMSTR#docbook
2013-02-12 15:48:06 -0800#b5922fe#add effcorr#docbook
2013-02-12 14:55:09 -0800#8722979#add bgsub page#docbook
2013-02-12 14:02:44 -0800#e01b61b#implement symlink check#docbook
2013-02-12 10:54:50 -0800#5c7079a#rm run_a2x.sh#docbook
2013-02-12 10:53:40 -0800#9e1a737#add thesis target for single tex files#docbook
2013-02-12 10:40:33 -0800#b43a434#add A2XCMD define#docbook
2013-02-12 10:35:22 -0800#9af8bd2#Makefile: docinfo with git revision working#docbook
2013-02-12 02:15:48 -0800#8ab5118#first echo into docinfo.xml via Makefile#docbook
2013-02-12 00:42:07 -0800#82b84a2#improving makefile#docbook
2013-02-12 00:00:00 -0800#14ceb64#improve Makefile#docbook
2013-02-11 19:11:19 -0800#d9cbb06#add Makefile#docbook
2013-02-11 18:58:51 -0800#fa8b99e#add docinfo.xml#docbook
2013-02-11 18:58:20 -0800#54b2b65#add preamb.txt for pdf#docbook
2013-02-11 18:57:48 -0800#2c035f2#add .gitignore#docbook
2013-02-11 18:56:20 -0800#2babd1e#test blogpost make#docbook
2013-02-11 18:43:31 -0800#f25f9fa#fix all headers, prepare for pdf#docbook
2013-02-10 23:32:21 -0800#ea3c88b#update pid, fix latex#docbook
2013-02-10 23:31:51 -0800#3ab72f7#update intro#docbook
2013-02-09 23:27:03 -0800#18f59e5#pid: fix images#docbook
2013-02-09 22:33:06 -0800#beb4c40#evt-trk-select: fix evts table#docbook
2013-02-09 22:13:06 -0800#44b5d9d#evt-trk-select: fix track select pic#docbook
2013-02-08 21:18:20 -0800#b4a3849#add ckon#docbook
2013-02-08 17:54:25 -0800#fdf59f1#remove preamb.txt#docbook
2013-02-03 01:10:39 -0800#fad5220#add pid page#docbook
2013-01-13 20:38:17 -0800#546766b#initial commit#docbook
