2014-01-22 14:36:38 -0800#081cb16#add dielectron_data_public#gitolite-admin-linode
2014-01-22 14:04:11 -0800#0903ce5#add star-annex#gitolite-admin-linode
2014-01-21 02:33:25 -0800#ef01c62#update dielectron_data_protected description#gitolite-admin-linode
2014-01-21 02:32:34 -0800#1464bf2#add dielectron_data_protected#gitolite-admin-linode
2014-01-21 01:51:30 -0800#cbec0b9#all uploadpack's to false#gitolite-admin-linode
2014-01-21 01:49:50 -0800#86f4d2e#StV0TofCorrection uploadpack false#gitolite-admin-linode
2014-01-21 01:41:14 -0800#740e5c3#testing daemon.uploadpack#gitolite-admin-linode
2014-01-21 01:33:11 -0800#0c30b48#undo previous commit#gitolite-admin-linode
2014-01-21 01:32:37 -0800#1bde8aa#diplom: test change#gitolite-admin-linode
2014-01-21 00:51:18 -0800#8950513#add daemon back to vuv, diplom, werkstudent#gitolite-admin-linode
2014-01-21 00:49:17 -0800#ec14e0b#rm git-daemon from vuv, diplom, werkstudent#gitolite-admin-linode
2013-12-18 15:54:11 -0800#0c329bc#add phuck@jojomac#gitolite-admin-linode
2013-12-17 00:22:52 -0800#2a0541e#add StV0TofCorrection#gitolite-admin-linode
2013-12-16 17:46:23 -0800#63be03a#add StLambdaMaker repo#gitolite-admin-linode
2013-12-15 22:38:55 -0800#464f8be#add dockjs_talks repo#gitolite-admin-linode
2013-12-10 13:32:20 -0800#c9fb7bc#make couple of repos protected accessible#gitolite-admin-linode
2013-12-02 19:45:36 -0800#d10de37#add jobst to pyana#gitolite-admin-linode
2013-10-14 19:49:37 +0200#dd6e8f3#add StConvElPiTreeMaker#gitolite-admin-linode
2013-08-19 02:23:46 -0700#1823f54#add jobst to manifest#gitolite-admin-linode
2013-08-12 00:05:54 -0700#a22b176#merge gerrittest-manifest and convertStarCVS to git4star#gitolite-admin-linode
2013-06-29 15:41:18 -0700#c0fb409#remove phdannex#gitolite-admin-linode
2013-06-29 02:36:43 -0700#f222762#add phdannex#gitolite-admin-linode
2013-06-17 18:20:01 -0700#9668872#add pyana#gitolite-admin-linode
2013-06-05 15:34:29 -0700#5f246ab#add StPhiVCutEff#gitolite-admin-linode
2013-05-24 10:23:40 -0700#5c2c5b8#add rpineau perms#gitolite-admin-linode
2013-05-24 10:22:47 -0700#a6f3645#add rpineau key#gitolite-admin-linode
2013-05-24 02:41:52 -0700#d079330#update perms for convertStarCVS, gerrittest-manifest#gitolite-admin-linode
2013-05-24 01:41:54 -0700#cf2fc69#rm daemon for cloudscaling-thcc#gitolite-admin-linode
2013-05-24 01:40:15 -0700#e8937e2#add cloudscaling-thcc#gitolite-admin-linode
2013-05-15 04:37:14 -0700#3c05251#add convertStarCVS#gitolite-admin-linode
2013-05-13 14:48:08 -0700#a69ad4d#add StDielectronMaker#gitolite-admin-linode
2013-05-13 10:46:42 -0700#7318ab8#mv my-yaml-cpp to Obsolete#gitolite-admin-linode
2013-05-13 10:44:54 -0700#defe207#mv YamlCfgReader to Obsolete#gitolite-admin-linode
2013-05-06 16:01:19 -0700#bfe4f54#add phdthesis#gitolite-admin-linode
2013-04-26 10:47:46 -0700#87344a6#add protected to CharmContribPythia#gitolite-admin-linode
2013-04-22 13:24:12 -0700#31c3bab#add xusun read perms#gitolite-admin-linode
2013-04-22 13:22:07 -0700#b670b4c#add xusun keys#gitolite-admin-linode
2013-04-16 23:50:20 -0700#b1619bf#remove splitGitRepo#gitolite-admin-linode
2013-04-16 23:01:46 -0700#57c229b#remove yaml-cpp-git#gitolite-admin-linode
2013-04-16 22:50:19 -0700#bdfc18e#move my-yaml-cpp to Dielectron Analysis#gitolite-admin-linode
2013-04-16 22:33:47 -0700#69a0646#remove vim-bash#gitolite-admin-linode
2013-04-16 17:47:16 -0700#c2858b0#remove ckon#gitolite-admin-linode
2013-04-16 17:43:08 -0700#fd58741#remove blogpost#gitolite-admin-linode
2013-04-16 17:33:59 -0700#8612b69#remove cgit_risk.ee patch#gitolite-admin-linode
2013-04-16 17:33:24 -0700#e95e5e3#hide annex from web/daemon#gitolite-admin-linode
2013-04-16 17:10:27 -0700#0dfb1d9#remove iast#gitolite-admin-linode
2013-04-16 17:02:17 -0700#28f56e1#remove my-tclap#gitolite-admin-linode
2013-04-16 16:39:46 -0700#af409c4#remove pe-manifest#gitolite-admin-linode
2013-04-16 16:12:34 -0700#5569ec6#remove pe-isodat, pe-scripts, pe-ymldb#gitolite-admin-linode
2013-04-04 20:56:31 -0700#ed3cd95#add BesCocktailDb#gitolite-admin-linode
2013-03-27 18:35:28 -0400#9b5a3b9#read access to vim for sprastar#gitolite-admin-linode
2013-03-27 18:33:51 -0400#fcdec72#add sprastar key#gitolite-admin-linode
2013-03-19 12:16:46 -0700#4ddc782#add jobst@clean#gitolite-admin-linode
2013-03-18 20:59:11 -0700#cfe6995#add phuck@bluehost#gitolite-admin-linode
2013-03-13 13:21:44 -0700#1ca812a#add BesCocktail#gitolite-admin-linode
2013-02-21 14:14:25 -0800#f0e7920#add splitGitRepo#gitolite-admin-linode
2013-02-21 11:03:42 -0800#30abdbd#add manifest to protected#gitolite-admin-linode
2013-02-19 16:06:09 -0800#b608256#add pe-isodat,pe-scripts,pe-ymldb#gitolite-admin-linode
2013-02-19 15:29:24 -0800#dab169a#add pe-manifest#gitolite-admin-linode
2013-02-19 15:27:48 -0800#b7bc7cb#Johanna category, add iast to it#gitolite-admin-linode
2013-02-13 13:38:40 -0800#1ac0e50#tbecker, hmasui reads#gitolite-admin-linode
2013-02-13 13:36:12 -0800#dfd242f#add hmasui#gitolite-admin-linode
2013-02-12 16:27:32 -0800#c4b65c4#add jobst@schipperke key#gitolite-admin-linode
2013-02-12 14:23:54 -0800#aa47bbe#phd_ana-page: read for protected#gitolite-admin-linode
2013-02-04 20:24:33 -0800#4534b41#add tbecker to vim-bash#gitolite-admin-linode
2013-02-04 20:22:22 -0800#835205c#add tbecker key#gitolite-admin-linode
2013-02-04 19:02:22 -0800#8b2dccc#add vim-bash#gitolite-admin-linode
2013-02-04 17:05:56 -0800#b36f2ee#add phuck to blogpost/phd_ana-page#gitolite-admin-linode
2013-02-01 15:31:47 -0800#6c6b305#add RunQA#gitolite-admin-linode
2013-01-29 01:51:56 -0800#13a01b2#add my-tclap#gitolite-admin-linode
2013-01-25 17:03:46 -0800#33ed2d7#remove options-ckon#gitolite-admin-linode
2013-01-25 12:14:29 -0800#d6cf95b#add options-ckon#gitolite-admin-linode
2013-01-25 11:53:39 -0800#7588f1b#add my-yaml-cpp#gitolite-admin-linode
2013-01-23 17:35:58 -0800#122a35c#add StMiniMcTree repo#gitolite-admin-linode
2013-01-23 17:17:56 -0800#5eebdf0#remove Utils cat, embnt obsolete#gitolite-admin-linode
2013-01-22 21:41:04 -0800#8572a25#change a couple of description#gitolite-admin-linode
2013-01-22 15:06:34 -0800#3eb6773#move StarUtilites to Obsolete#gitolite-admin-linode
2013-01-18 16:26:48 -0800#b5b6d58#YamlConfigReader to Main#gitolite-admin-linode
2013-01-16 16:09:12 -0800#373e85d#add phuck@bnl#gitolite-admin-linode
2013-01-16 12:56:19 -0800#2c5b566#add StRefMultCorr#gitolite-admin-linode
2013-01-16 12:38:52 -0800#fa646c4#remove StBesDiElectrons#gitolite-admin-linode
2013-01-16 12:25:47 -0800#55b1440#remove Manifests category#gitolite-admin-linode
2013-01-16 12:24:53 -0800#e8e06df#StLeptonTreeMaker, StPicoDstMaker#gitolite-admin-linode
2013-01-16 12:15:09 -0800#7dd776e#fix InvMassBgAnalysis category#gitolite-admin-linode
2013-01-16 12:13:47 -0800#6f7ba52#update categories#gitolite-admin-linode
2013-01-16 12:13:24 -0800#1d9ee1f#parse/skip comments in writeConfig.sh#gitolite-admin-linode
2013-01-16 12:10:30 -0800#553b7da#recategorize/order my.conf#gitolite-admin-linode
2013-01-16 12:01:30 -0800#3076aec#recategorize#gitolite-admin-linode
2013-01-15 16:28:23 -0800#629b510#more protected read access#gitolite-admin-linode
2013-01-15 16:24:29 -0800#c50cf59#couple more protected read access#gitolite-admin-linode
2013-01-14 17:26:39 -0800#ce52098#add StBesDiElectrons#gitolite-admin-linode
2013-01-13 20:49:55 -0800#0a5038c#add jobst to annex#gitolite-admin-linode
2013-01-13 20:23:20 -0800#0ab4f96#add blogpost#gitolite-admin-linode
2013-01-13 19:49:49 -0800#4328dc8#remove daemon for resume, vacation_dec12#gitolite-admin-linode
2013-01-13 19:46:46 -0800#d1031c2#add web option#gitolite-admin-linode
2013-01-13 19:40:00 -0800#c4c6e93#update resume#gitolite-admin-linode
2013-01-13 19:33:43 -0800#e5b384a#add revtex#gitolite-admin-linode
2013-01-13 19:21:44 -0800#150ebec#add git-pushall#gitolite-admin-linode
2013-01-12 17:52:35 -0800#267e0df#add cgit_w-risk.ee-patch#gitolite-admin-linode
2013-01-12 17:07:45 -0800#905fd2e#add annex#gitolite-admin-linode
2013-01-12 16:06:30 -0800#1cac9e1#fix description of phd_ana-page#gitolite-admin-linode
2013-01-12 16:04:19 -0800#0db58ea#add phd_ana-page#gitolite-admin-linode
2013-01-08 12:25:27 -0800#014c5d6#add protected to ElectronPid#gitolite-admin-linode
2013-01-07 18:04:50 -0800#d51130c#add yaml-cpp-git#gitolite-admin-linode
2013-01-07 17:08:21 -0800#d7161f9#add yaml-cpp#gitolite-admin-linode
2013-01-07 13:48:41 -0800#7a29d26#add kon#gitolite-admin-linode
2013-01-07 13:46:12 -0800#7271dd8#add StarUtilities#gitolite-admin-linode
2013-01-07 13:43:22 -0800#1b5ba93#add stv0tofcorr-root#gitolite-admin-linode
2013-01-07 13:43:04 -0800#fe70751#fix Obsolete repo description#gitolite-admin-linode
2013-01-06 22:34:22 -0800#1446e1c#fix Obsolete description#gitolite-admin-linode
2013-01-06 22:28:55 -0800#0489d36#remove embrequest#gitolite-admin-linode
2013-01-06 18:36:04 -0800#41305f2#add protected user to Embedding#gitolite-admin-linode
2013-01-06 18:31:42 -0800#584a708#add protected ro#gitolite-admin-linode
2013-01-06 18:22:28 -0800#6a48250#add protected user#gitolite-admin-linode
2013-01-06 18:18:30 -0800#e13b497#add all git-daemon's#gitolite-admin-linode
2013-01-06 18:16:30 -0800#58d4f40#add tschaume/phuck, jobst/tschaume#gitolite-admin-linode
2013-01-06 18:13:47 -0800#9f4d20b#add writeConfig.sh my.conf#gitolite-admin-linode
2013-01-06 17:22:46 -0800#d89f2c8#less git-daemon's#gitolite-admin-linode
2013-01-06 16:48:42 -0800#d888516#repo-by-repo list#gitolite-admin-linode
2013-01-06 15:57:14 -0800#0715683#expand all repos#gitolite-admin-linode
2013-01-06 14:08:32 -0800#f5b219c#set proper owners#gitolite-admin-linode
2013-01-06 01:35:12 -0800#248b63d#remove pat-aliases from jopatteam (test risk.ee patch#gitolite-admin-linode
2013-01-05 23:03:54 -0800#80bdd33#add daemon to jopatteamon#gitolite-admin-linode
2013-01-03 17:12:31 -0800#d2b233e#add R for daemon in potato#gitolite-admin-linode
2013-01-03 16:42:08 -0800#15f6994#update gitolite.conf#gitolite-admin-linode
2013-01-03 16:41:48 -0800#4cf2c15#add jobst & phuck's#gitolite-admin-linode
