2014-01-30 23:52:13 -0500#526ae90#add api.py, api.wsgi, update run.py#global_gitfeed_api
2014-01-30 22:14:21 -0500#d38edd3#update initDb.sh with new endpoints#global_gitfeed_api
2014-01-30 22:13:00 -0500#5779a1d#run: rm heroku config#global_gitfeed_api
2014-01-30 22:12:18 -0500#36703d9#settings: gitcommits/projects#global_gitfeed_api
2014-01-30 21:18:56 -0500#0b8597c#run.py: switch to bcrypt auth#global_gitfeed_api
2014-01-30 21:05:48 -0500#d8b429e#settings: add accounts endpoint#global_gitfeed_api
2014-01-30 21:05:20 -0500#39148ad#add set_admin#global_gitfeed_api
2014-01-30 20:53:00 -0500#cfdcc72#update requirements#global_gitfeed_api
2014-01-30 20:33:41 -0500#5cb2f3c#add authorization, public GET#global_gitfeed_api
2014-01-30 19:50:53 -0500#a024231#settings: add datasource default_sort#global_gitfeed_api
2014-01-30 15:56:18 -0500#17037f2#add eve_docs#global_gitfeed_api
2014-01-30 15:55:55 -0500#72f8dbb#initDb: auto reinit, rm logs#global_gitfeed_api
2014-01-29 19:33:41 -0500#2565e37#initDb working#global_gitfeed_api
2014-01-29 19:23:17 -0500#fa547cd#update gitignore#global_gitfeed_api
2014-01-29 12:38:23 -0800#b42773d#fix datetime format#global_gitfeed_api
2014-01-28 23:53:43 -0800#ceede4b#merge github initial#global_gitfeed_api
2014-01-28 23:52:00 -0800#bb29371#Initial commit#global_gitfeed_api
2014-01-28 23:48:22 -0800#d58671f#add initDb.sh#global_gitfeed_api
2014-01-28 23:48:15 -0800#fea2cb7#update api scheme#global_gitfeed_api
2014-01-28 22:01:56 -0800#f55893d#settings: add commits schema#global_gitfeed_api
2014-01-28 21:43:16 -0800#4faf00f#add boilerplate run, settings#global_gitfeed_api
2014-01-28 21:30:07 -0800#015d7ba#initial commit#global_gitfeed_api
