2014-01-27 01:23:40 -0800#d5cd27c#merging origin/git-annex into git-annex#star-annex
2014-01-24 16:49:30 -0800#8fa73cb#update#star-annex
2014-01-24 16:49:29 -0800#9230447#update#star-annex
2014-01-24 16:49:13 -0800#f86a6dd#merging origin/git-annex into git-annex#star-annex
2014-01-24 16:49:00 -0800#b9fde4e#Dielectron_Physics_Plots.txt: remove Abstract#star-annex
2014-01-25 00:48:52 +0000#69009ac#update#star-annex
2014-01-24 16:46:20 -0800#86d509e#update#star-annex
2014-01-24 16:46:18 -0800#982048b#update#star-annex
2014-01-24 16:43:37 -0800#8455956#Dielectron_Physics_Plots: add LatestJieYi, one plot per slide#star-annex
2014-01-25 00:43:14 +0000#a318484#update#star-annex
2014-01-24 16:29:38 -0800#ff913fa#merging origin/git-annex into git-annex#star-annex
2014-01-24 15:00:18 -0800#b6ab5ed#merging synced/git-annex into git-annex#star-annex
2014-01-24 15:00:07 -0800#9f1700d#update#star-annex
2014-01-24 15:00:03 -0800#700f45a#update#star-annex
2014-01-24 14:59:32 -0800#4a11a79#merging origin/git-annex into git-annex#star-annex
2014-01-24 14:59:09 -0800#c0604b6#add stackLatestJieYi.*#star-annex
2014-01-24 22:58:56 +0000#b2cc8da#update#star-annex
2014-01-24 01:41:56 -0800#f1d11ef#update#star-annex
2014-01-24 01:41:53 -0800#bf5afc5#update#star-annex
2014-01-24 01:39:50 -0800#59431f5#merging synced/git-annex into git-annex#star-annex
2014-01-24 01:39:25 -0800#c68cd6d#update#star-annex
2014-01-24 01:39:23 -0800#587fd54#update#star-annex
2014-01-24 01:38:15 -0800#7a4ede2#update#star-annex
2014-01-24 01:38:13 -0800#9afbf62#update#star-annex
2014-01-24 01:37:01 -0800#256390d#merging origin/git-annex into git-annex#star-annex
2014-01-24 01:36:34 -0800#5c6eb30#Dielectron_Physics_Plots: update panel plots, dont embed images#star-annex
2014-01-24 09:36:08 +0000#8ab11d5#update#star-annex
2014-01-24 09:31:16 +0000#66a9d76#update#star-annex
2014-01-24 00:24:47 -0800#88db502#update#star-annex
2014-01-24 00:24:45 -0800#b157e45#update#star-annex
2014-01-24 00:23:27 -0800#b773fd0#Dielectron_Physics_Plot: small title changes#star-annex
2014-01-24 08:23:06 +0000#abf2311#update#star-annex
2014-01-24 08:15:12 +0000#6ac39da#update#star-annex
2014-01-24 08:13:18 +0000#c1908f1#update#star-annex
2014-01-24 00:09:21 -0800#0275f2b#update Dielectron_Physics_plots w/ LatestBingchuJie#star-annex
2014-01-24 08:08:57 +0000#8d3f937#update#star-annex
2014-01-24 00:07:44 -0800#65d856c#merging origin/git-annex into git-annex#star-annex
2014-01-24 08:06:55 +0000#800cc07#update stackQM12, add stackLatestBingchuJie#star-annex
2014-01-24 08:06:32 +0000#32e26ce#update#star-annex
2014-01-24 07:55:21 +0000#78c4c87#update#star-annex
2014-01-22 21:16:54 -0800#232f0c8#merging synced/git-annex into git-annex#star-annex
2014-01-22 21:16:53 -0800#16c18cb#update#star-annex
2014-01-22 21:16:52 -0800#20863b0#update#star-annex
2014-01-22 21:15:51 -0800#fffc204#merging origin/git-annex into git-annex#star-annex
2014-01-22 21:15:36 -0800#75bb4c7#update panelQM12 plots with new arrow errors#star-annex
2014-01-23 05:15:15 +0000#1f36868#update#star-annex
2014-01-22 20:21:41 -0800#3c37f62#merging synced/git-annex into git-annex#star-annex
2014-01-22 20:21:39 -0800#42e464a#update#star-annex
2014-01-22 20:21:38 -0800#4adfcb2#update#star-annex
2014-01-22 20:21:24 -0800#196065d#merging origin/git-annex into git-annex#star-annex
2014-01-22 20:21:11 -0800#9ead290#finish InvMassSpecsQM12re#star-annex
2014-01-23 04:20:48 +0000#33f7a7e#update#star-annex
2014-01-22 20:16:50 -0800#c0bc28f#merging synced/git-annex into git-annex#star-annex
2014-01-22 20:16:49 -0800#e718949#update#star-annex
2014-01-22 20:16:48 -0800#552fed6#update#star-annex
2014-01-22 20:16:19 -0800#5fc1a3a#merging origin/git-annex into git-annex#star-annex
2014-01-22 20:16:04 -0800#8aa01aa#update stackQM12#star-annex
2014-01-23 04:15:53 +0000#146575b#update#star-annex
2014-01-22 19:26:52 -0800#79880a4#merging synced/git-annex into git-annex#star-annex
2014-01-22 19:26:47 -0800#6314086#update#star-annex
2014-01-22 19:26:45 -0800#6f032f4#update#star-annex
2014-01-22 19:26:33 -0800#181b84b#merging origin/git-annex into git-annex#star-annex
2014-01-22 19:26:24 -0800#98701ba#Dielectron_Physics_Plots: update InvMassSpecs Preview#star-annex
2014-01-23 03:26:01 +0000#ef9b7ed#update#star-annex
2014-01-22 19:25:15 -0800#e944985#merging synced/git-annex into git-annex#star-annex
2014-01-22 19:25:11 -0800#0e13700#update#star-annex
2014-01-22 19:25:10 -0800#944c341#update#star-annex
2014-01-22 19:24:51 -0800#2b7ebd9#merging origin/git-annex into git-annex#star-annex
2014-01-22 19:24:42 -0800#fdedd42#update stackQM12.jpg#star-annex
2014-01-23 03:24:31 +0000#03d2b88#update#star-annex
2014-01-22 19:21:21 -0800#6f8436d#merging synced/git-annex into git-annex#star-annex
2014-01-22 19:21:20 -0800#9780a57#update#star-annex
2014-01-22 19:21:19 -0800#bd5c12e#update#star-annex
2014-01-22 19:20:20 -0800#d8c3167#merging origin/git-annex into git-annex#star-annex
2014-01-22 19:19:57 -0800#65e79ac#update stackQM12 w arrows for errorbars#star-annex
2014-01-23 03:19:41 +0000#42ce137#update#star-annex
2014-01-22 15:47:40 -0800#c463ee8#merging synced/git-annex into git-annex#star-annex
2014-01-22 15:46:33 -0800#4c23393#update#star-annex
2014-01-22 15:46:32 -0800#c953e04#update#star-annex
2014-01-22 15:46:15 -0800#99bae0d#merging origin/git-annex into git-annex#star-annex
2014-01-22 15:46:05 -0800#0264a6e#update Dielectron_Physics_Plots.html#star-annex
2014-01-22 23:45:56 +0000#a7b1efb#update#star-annex
2014-01-22 15:31:55 -0800#db524be#merging synced/git-annex into git-annex#star-annex
2014-01-22 15:31:52 -0800#487678d#update#star-annex
2014-01-22 15:31:51 -0800#143f772#update#star-annex
2014-01-22 15:31:32 -0800#a708f95#merging origin/git-annex into git-annex#star-annex
2014-01-22 15:31:22 -0800#dd9088c#add Dielectron_Physics_Plots.html#star-annex
2014-01-22 23:31:09 +0000#335c706#update#star-annex
2014-01-22 15:28:18 -0800#a20747e#merging synced/git-annex into git-annex#star-annex
2014-01-22 15:28:12 -0800#ff3a7d9#update#star-annex
2014-01-22 15:28:11 -0800#bf28947#update#star-annex
2014-01-22 15:27:48 -0800#ced92ba#merging origin/git-annex into git-annex#star-annex
2014-01-22 15:27:32 -0800#55baaae#add AllEnergiesData.jpg#star-annex
2014-01-22 23:27:22 +0000#298a440#update#star-annex
2014-01-22 15:19:54 -0800#28aa11a#merging synced/git-annex into git-annex#star-annex
2014-01-22 15:19:52 -0800#5f91b75#update#star-annex
2014-01-22 15:19:51 -0800#cac509b#update#star-annex
2014-01-22 15:19:07 -0800#259e571#merging origin/git-annex into git-annex#star-annex
2014-01-22 15:18:56 -0800#6bfd0fe#add stackQM12#star-annex
2014-01-22 23:18:47 +0000#2f1af3d#update#star-annex
2014-01-22 15:10:58 -0800#c69b616#merging synced/git-annex into git-annex#star-annex
2014-01-22 15:10:56 -0800#d94eb99#update#star-annex
2014-01-22 15:10:55 -0800#642ca1a#update#star-annex
2014-01-22 15:10:00 -0800#ecbdf8e#merging origin/git-annex into git-annex#star-annex
2014-01-22 15:09:44 -0800#5d489ba#add panelQM12Incl39#star-annex
2014-01-22 23:09:32 +0000#c2c8ae0#update#star-annex
2014-01-22 23:04:54 +0000#e32e61e#update#star-annex
2014-01-22 15:01:36 -0800#5dd4967#merging synced/git-annex into git-annex#star-annex
2014-01-22 15:01:35 -0800#ea43527#update#star-annex
2014-01-22 15:01:34 -0800#690203c#update#star-annex
2014-01-22 15:01:01 -0800#5396234#merging origin/git-annex into git-annex#star-annex
2014-01-22 15:00:45 -0800#b49da8b#add panelQM12#star-annex
2014-01-22 23:00:30 +0000#d146771#update#star-annex
2014-01-22 14:53:56 -0800#4a86f19#merging synced/git-annex into git-annex#star-annex
2014-01-22 14:53:52 -0800#8f871bc#update#star-annex
2014-01-22 14:53:50 -0800#b29510a#update#star-annex
2014-01-22 14:53:36 -0800#f99fe6d#merging origin/git-annex into git-annex#star-annex
2014-01-22 14:53:23 -0800#8030923#improve InMedRhoPanel.jpg quality#star-annex
2014-01-22 22:53:08 +0000#3702c59#update#star-annex
2014-01-22 14:47:50 -0800#14c72c0#merging synced/git-annex into git-annex#star-annex
2014-01-22 14:47:42 -0800#d2059ad#update#star-annex
2014-01-22 14:47:42 -0800#6d311bf#update#star-annex
2014-01-22 14:47:23 -0800#781ea15#merging origin/git-annex into git-annex#star-annex
2014-01-22 14:47:05 -0800#efd7745#add InMedRhoPanel.jpg#star-annex
2014-01-22 22:46:51 +0000#eef50d8#update#star-annex
2014-01-22 14:21:54 -0800#6712c64#merging synced/git-annex into git-annex#star-annex
2014-01-22 14:20:59 -0800#f528485#merging origin/git-annex into git-annex#star-annex
2014-01-22 14:18:50 -0800#7879c81#update#star-annex
2014-01-22 22:18:27 +0000#fda4d7b#add ExcessLMR.jpg#star-annex
2014-01-22 22:18:16 +0000#b510ac1#update#star-annex
2014-01-22 13:59:21 -0800#cab4101#update#star-annex
2014-01-22 13:59:20 -0800#ddcff27#update#star-annex
2014-01-22 21:58:19 +0000#5ab3ea9#merging origin/git-annex into git-annex#star-annex
2014-01-22 21:57:58 +0000#599415f#add xfacQM12#star-annex
2014-01-22 21:57:46 +0000#0dbe7fb#update#star-annex
2014-01-20 22:48:36 -0800#f7514c8#update#star-annex
2014-01-20 22:48:34 -0800#74f8319#update#star-annex
2014-01-21 06:47:36 +0000#5240b2b#merging origin/git-annex into git-annex#star-annex
2014-01-21 06:47:16 +0000#a6e3176#add InMedRhoPanelQM12Incl39#star-annex
2014-01-21 06:46:54 +0000#189f0dc#update#star-annex
2014-01-17 04:30:34 -0800#218ce43#update#star-annex
2014-01-17 04:30:30 -0800#d2022ba#update#star-annex
2014-01-17 12:28:50 +0000#f67c1ab#merging origin/git-annex into git-annex#star-annex
2014-01-17 12:28:23 +0000#039117b#14-01-17_LFSMeeting#star-annex
2014-01-17 12:28:11 +0000#8aa565e#update#star-annex
2014-01-17 01:50:05 -0800#8482afe#update#star-annex
2014-01-17 01:50:00 -0800#a0373f6#update#star-annex
2014-01-17 01:41:47 -0800#78577f9#update#star-annex
2014-01-17 09:38:05 +0000#71c7b16#merging origin/git-annex into git-annex#star-annex
2014-01-17 09:37:40 +0000#5ff4f83#add DetTrackQualEffSysErr pdf's#star-annex
2014-01-17 09:36:58 +0000#b538046#update#star-annex
2014-01-16 17:44:29 -0800#ec35901#update#star-annex
2014-01-16 17:44:28 -0800#c9dc4f5#update#star-annex
2014-01-17 01:43:47 +0000#ec77567#merging origin/git-annex into git-annex#star-annex
2014-01-17 01:43:15 +0000#2ee852d#add AbstractQM14_Huck.pdf#star-annex
2014-01-17 01:42:57 +0000#fe46dfb#update#star-annex
2014-01-15 07:50:12 -0800#fda7552#update#star-annex
2014-01-15 07:50:09 -0800#20ec6cc#update#star-annex
2014-01-15 15:49:10 +0000#82a5b7a#merging origin/git-annex into git-annex#star-annex
2014-01-15 15:48:42 +0000#95350bb#add All_2014-01-15_*trons-nup.pdf#star-annex
2014-01-15 15:48:12 +0000#309bc8e#update#star-annex
2014-01-10 13:54:20 -0800#69d57cd#update#star-annex
2014-01-10 13:54:18 -0800#d56dfd4#update#star-annex
2014-01-10 13:54:15 -0800#3948dd8#update#star-annex
2014-01-10 13:54:13 -0800#336f599#update#star-annex
2014-01-10 21:53:20 +0000#2d3c642#update#star-annex
2014-01-10 21:53:16 +0000#d52c6c6#merging origin/git-annex into git-annex#star-annex
2014-01-10 21:53:02 +0000#f1f1fea#update#star-annex
2014-01-10 13:52:49 -0800#0b4966e#update#star-annex
2014-01-10 21:52:43 +0000#a94094d#update#star-annex
2014-01-10 21:52:35 +0000#357d722#update#star-annex
2014-01-10 21:52:33 +0000#668a39b#update#star-annex
2014-01-10 21:52:30 +0000#2e97c2f#add 14-01-10_LFSMeeting.html#star-annex
2014-01-10 21:52:30 +0000#25bd1c3#update#star-annex
2014-01-10 21:52:08 +0000#bf8ae07#update#star-annex
2014-01-10 21:47:16 +0000#d8e2dcb#merging origin/git-annex into git-annex#star-annex
2014-01-10 21:44:31 +0000#f1f7290#add files for 14-01-10 LFSpectra#star-annex
2014-01-10 21:44:10 +0000#a70c528#update#star-annex
2014-01-07 11:22:41 -0800#da98ac7#update#star-annex
2014-01-07 11:22:38 -0800#9b8df7d#update#star-annex
2014-01-07 19:15:19 +0000#c0f89cc#merging origin/git-annex into git-annex#star-annex
2014-01-07 19:14:59 +0000#7649a46#14-01-07_RncGroupMeeting final#star-annex
2014-01-07 19:14:26 +0000#d70f031#update#star-annex
2014-01-07 03:17:14 -0800#f549b02#update#star-annex
2014-01-07 03:17:11 -0800#08bfe17#update#star-annex
2014-01-07 11:16:14 +0000#342aa27#add nhitsSysErr/*-nup.jpg#star-annex
2014-01-07 11:15:42 +0000#835e1d4#update#star-annex
2014-01-07 03:14:55 -0800#97a59f0#merging origin/git-annex into git-annex#star-annex
2014-01-07 03:14:10 -0800#db79091#update#star-annex
2014-01-07 03:14:07 -0800#32e0cd3#update#star-annex
2014-01-07 11:01:10 +0000#91d9453#add pics from pyana nhitsSysErr#star-annex
2014-01-07 11:00:34 +0000#9d77041#update#star-annex
2014-01-07 02:49:19 -0800#cf3d653#merging origin/git-annex into git-annex#star-annex
2014-01-07 02:48:55 -0800#5c529ad#update#star-annex
2014-01-07 02:48:51 -0800#0a3717d#update#star-annex
2014-01-07 10:16:45 +0000#d642c2d#merging origin/git-annex into git-annex#star-annex
2014-01-07 10:16:30 +0000#c881a63#adding pics for 14-1-7_RncGroupMtg#star-annex
2014-01-07 10:16:13 +0000#c93fed7#update#star-annex
2014-01-06 17:55:54 -0800#2fae94e#update#star-annex
2014-01-06 17:55:52 -0800#10a1f00#update#star-annex
2014-01-07 01:40:22 +0000#913a907#add talks/images symlink#star-annex
2014-01-07 01:39:49 +0000#35f54b9#add 14-01-07_RncGroupMeeting#star-annex
2014-01-07 01:37:52 +0000#a299dbd#update#star-annex
2013-12-16 10:48:27 -0800#9c6cf8c#merging origin/git-annex into git-annex#star-annex
2013-12-16 10:47:46 -0800#7f46066#update#star-annex
2013-12-16 10:47:44 -0800#6236919#update#star-annex
2013-12-16 10:43:13 -0800#c475dc7#merging synced/git-annex into git-annex#star-annex
2013-12-16 10:42:50 -0800#c0165e1#update#star-annex
2013-12-16 10:42:49 -0800#35067ff#update#star-annex
2013-12-16 10:40:58 -0800#26c332f#merging origin/git-annex into git-annex#star-annex
2013-12-16 10:40:51 -0800#8076ce6#add files for 13-12-16_MondayMeeting.txt#star-annex
2013-12-16 10:40:23 -0800#32bd14b#update#star-annex
2013-12-16 10:40:13 -0800#05ed8df#update#star-annex
2013-12-15 22:55:15 -0800#ad1c459#merging synced/git-annex into git-annex#star-annex
2013-12-15 22:55:01 -0800#f92dc8f#update#star-annex
2013-12-15 22:54:59 -0800#c7edca6#update#star-annex
2013-12-15 22:53:01 -0800#1d5bf10#merging origin/git-annex into git-annex#star-annex
2013-12-15 22:52:26 -0800#2d658a6#add AnaMtgPurdue & EMMI-Workshop#star-annex
2013-12-15 22:52:13 -0800#516d349#update#star-annex
2013-12-15 20:06:47 -0800#1b72059#merging synced/git-annex into git-annex#star-annex
2013-12-15 19:07:56 -0800#f43d369#update#star-annex
2013-12-15 19:07:55 -0800#b3d7dd7#update#star-annex
2013-12-15 19:03:11 -0800#6933b71#merging origin/git-annex into git-annex#star-annex
2013-12-15 19:02:58 -0800#94cad2a#update convel plots#star-annex
2013-12-15 19:02:51 -0800#6443b5c#update#star-annex
2013-12-15 16:41:29 -0800#da49d28#merging synced/git-annex into git-annex#star-annex
2013-12-15 16:39:25 -0800#c359ac1#update#star-annex
2013-12-15 16:39:23 -0800#d3d5e96#update#star-annex
2013-12-15 16:32:36 -0800#173ea12#merging origin/git-annex into git-annex#star-annex
2013-12-15 16:32:23 -0800#69d3b43#add convel pics#star-annex
2013-12-15 16:32:16 -0800#8c57293#update#star-annex
2013-12-10 13:26:08 -0800#756b104#update#star-annex
2013-12-10 13:26:05 -0800#7414684#update#star-annex
2013-12-10 13:19:03 -0800#849ac7e#Merge branch 'git-annex' of linode:/home/patrick/public/downloads.the-huck.com/public/star/ into git-annex#star-annex
2013-12-10 13:12:59 -0800#97225e8#add more data/root#star-annex
2013-12-10 13:12:26 -0800#ae1e869#update#star-annex
2013-12-10 12:28:19 -0800#1134be7#add .gitignore#star-annex
2013-08-12 18:50:34 -0700#772df29#merging synced/git-annex into git-annex#star-annex
2013-08-12 18:50:32 -0700#2e6f299#update#star-annex
2013-08-12 18:50:31 -0700#04194e8#update#star-annex
2013-08-12 18:49:49 -0700#e15920e#merging origin/git-annex into git-annex#star-annex
2013-08-12 18:49:21 -0700#4141f58#add latest images#star-annex
2013-08-12 18:49:03 -0700#a229cff#update#star-annex
2013-08-06 17:28:16 -0700#d2f0164#merging synced/git-annex into git-annex#star-annex
2013-08-06 17:26:43 -0700#cc53e89#update#star-annex
2013-08-06 17:26:34 -0700#5f4eb58#update#star-annex
2013-08-06 17:07:28 -0700#8851c12#merging origin/git-annex into git-annex#star-annex
2013-08-06 17:06:52 -0700#9d5a0f4#add pics_121202 backup#star-annex
2013-08-06 17:06:39 -0700#29ee69f#update#star-annex
2013-08-05 16:38:02 -0700#cbbae7c#merging synced/git-annex into git-annex#star-annex
2013-08-05 16:36:39 -0700#53f41e8#update#star-annex
2013-08-05 16:36:37 -0700#ae8ba00#update#star-annex
2013-08-05 16:31:07 -0700#6251813#merging origin/git-annex into git-annex#star-annex
2013-08-05 16:30:47 -0700#12d5bde#add images/pages from all talks#star-annex
2013-08-05 16:30:03 -0700#8c42a44#update#star-annex
2013-07-31 03:56:06 -0700#fd5b855#merging synced/git-annex into git-annex#star-annex
2013-07-31 03:53:40 -0700#c4ac1e4#update#star-annex
2013-07-31 03:53:38 -0700#eb58d3d#update#star-annex
2013-07-31 03:45:12 -0700#5c66fff#merging origin/git-annex into git-annex#star-annex
2013-07-31 03:44:23 -0700#95568d6#new files+formats for phdthesis#star-annex
2013-07-31 03:43:56 -0700#908b101#update#star-annex
2013-07-31 03:40:01 -0700#db4dfdd#update#star-annex
2013-07-16 01:45:41 -0700#7e197e2#update#star-annex
2013-07-16 04:45:39 -0400#2cec9d8#update#star-annex
2013-07-16 04:39:46 -0400#5d55159#add panel#star-annex
2013-07-16 04:39:41 -0400#8946957#update#star-annex
2013-07-16 03:13:00 -0400#d7a7a89#update SignalDef#star-annex
2013-07-16 03:12:50 -0400#b30e6f8#update#star-annex
2013-07-16 03:11:26 -0400#3cfc473#update#star-annex
2013-07-16 02:30:39 -0400#192bbae#merging origin/git-annex into git-annex#star-annex
2013-07-16 02:30:22 -0400#2ca9bca#add BetaCutFormula#star-annex
2013-07-16 02:30:14 -0400#fcbf9d6#update#star-annex
2013-07-16 01:50:58 -0400#3c3ce18#add BetaMaker.eps/pdf, fix 62 png#star-annex
2013-07-16 01:50:40 -0400#76e53fb#update#star-annex
2013-07-08 08:18:28 -0700#cb29ac7#update#star-annex
2013-07-08 08:18:26 -0700#1e4f435#update#star-annex
2013-07-08 08:13:13 -0700#e380d17#add ptspec png's for SoftHadron#star-annex
2013-07-08 08:12:52 -0700#8833a8a#update#star-annex
2013-07-03 01:52:52 -0700#b276165#merging origin/git-annex into git-annex#star-annex
2013-07-03 01:52:14 -0700#5754659#update#star-annex
2013-07-03 01:52:13 -0700#c6f965b#update#star-annex
2013-07-03 01:48:16 -0700#05b4fdf#merging origin/git-annex into git-annex#star-annex
2013-07-03 01:48:12 -0700#3392d6f#update#star-annex
2013-07-03 01:48:10 -0700#b1c818b#git-annex automatic sync#star-annex
2013-07-03 01:48:04 -0700#ba41b85#update#star-annex
2013-07-03 01:48:03 -0700#9615298#update#star-annex
2013-07-03 01:42:24 -0700#c0fbc38#merging synced/git-annex into git-annex#star-annex
2013-07-03 01:42:09 -0700#9b59a14#update#star-annex
2013-07-03 01:42:08 -0700#1ed6ddc#update#star-annex
2013-07-03 01:41:00 -0700#faed6e1#merging origin/git-annex into git-annex#star-annex
2013-07-03 01:40:36 -0700#a07e01d#update hdf5 files after 27 GeV phiV fix#star-annex
2013-07-03 01:40:25 -0700#a7e2dc6#update#star-annex
2013-07-03 01:39:00 -0700#9de7215#update bg-sub figs after 27 GeV phiV fix#star-annex
2013-07-03 01:38:14 -0700#28d8579#update#star-annex
2013-07-01 18:06:18 -0700#9bdc671#merging synced/git-annex into git-annex#star-annex
2013-07-01 18:06:17 -0700#51e7d2a#update#star-annex
2013-07-01 18:06:16 -0700#df9e527#update#star-annex
2013-07-01 18:05:55 -0700#370b88b#merging origin/git-annex into git-annex#star-annex
2013-07-01 18:05:49 -0700#f1ccaea#more bgsubs, evtplane origs#star-annex
2013-07-01 18:05:31 -0700#91b49c1#update#star-annex
2013-07-01 17:08:22 -0700#1780592#update#star-annex
2013-07-01 17:08:20 -0700#cb2e01b#update#star-annex
2013-07-01 17:08:02 -0700#17b6aba#merging origin/git-annex into git-annex#star-annex
2013-07-01 17:07:57 -0700#5ece5fb#add more defs for bg-sub#star-annex
2013-07-01 17:07:46 -0700#27bc16f#update#star-annex
2013-07-01 16:27:55 -0700#d7fbd02#merging synced/git-annex into git-annex#star-annex
2013-07-01 16:27:05 -0700#df8163d#update#star-annex
2013-07-01 16:27:03 -0700#8ddfde2#update#star-annex
2013-07-01 16:25:06 -0700#0f3eee8#add NormFactorLS.pdf/png#star-annex
2013-07-01 16:24:54 -0700#ec9f9ce#update#star-annex
2013-07-01 01:26:36 -0700#5d2ca79#merging origin/git-annex into git-annex#star-annex
2013-07-01 01:26:08 -0700#307d320#update#star-annex
2013-06-30 23:38:15 -0700#ec20fc0#merging synced/git-annex into git-annex#star-annex
2013-06-30 23:35:51 -0700#680e4ad#update#star-annex
2013-06-30 23:35:49 -0700#223e59f#update#star-annex
2013-06-30 22:59:14 -0700#7420d04#merging origin/git-annex into git-annex#star-annex
2013-06-30 22:58:59 -0700#8ff42de#initial annex add#star-annex
2013-06-30 22:58:49 -0700#7bf4bf6#update#star-annex
2013-06-30 22:58:27 -0700#8ef3ffe#branch created#star-annex
2013-06-30 22:55:44 -0700#b25903d#add .gitattributes#star-annex
2013-06-30 22:55:10 -0700#3802b64#update#star-annex
2013-06-30 22:55:10 -0700#d1231e7#branch created#star-annex
